
> dev
> react-router dev

  ➜  Local:   http://localhost:5173/
  ➜  Network: use --host to expose
  ➜  Debug:   http://localhost:5173/__debug
Auth route hit: GET http://localhost:5173/api/auth/password/authorize?client_id=naijasender-webapp&redirect_uri=http://localhost:5173/api/auth/callback&response_type=code&state=login

Rewriting path: /api/auth/password/authorize -> /password/authorize

<-- GET /password/authorize?client_id=naijasender-webapp&redirect_uri=http://localhost:5173/api/auth/callback&response_type=code&state=login

--> GET /password/authorize?client_id=naijasender-webapp&redirect_uri=http://localhost:5173/api/auth/callback&response_type=code&state=login [32m200[0m 3ms

Auth route hit: GET http://localhost:5173/api/auth/password/authorize?client_id=naijasender-webapp&redirect_uri=http://localhost:5173/api/auth/callback&response_type=code&state=login

Rewriting path: /api/auth/password/authorize -> /password/authorize

<-- GET /password/authorize?client_id=naijasender-webapp&redirect_uri=http://localhost:5173/api/auth/callback&response_type=code&state=login

--> GET /password/authorize?client_id=naijasender-webapp&redirect_uri=http://localhost:5173/api/auth/callback&response_type=code&state=login [32m200[0m 0ms

Auth route hit: GET http://localhost:5173/api/auth/password/register?client_id=naijasender-webapp&redirect_uri=http://localhost:5173/api/auth/callback&response_type=code&state=register

Rewriting path: /api/auth/password/register -> /password/register

<-- GET /password/register?client_id=naijasender-webapp&redirect_uri=http://localhost:5173/api/auth/callback&response_type=code&state=register

--> GET /password/register?client_id=naijasender-webapp&redirect_uri=http://localhost:5173/api/auth/callback&response_type=code&state=register [32m200[0m 165ms

Auth route hit: GET http://localhost:5173/api/auth/password/register?client_id=naijasender-webapp&redirect_uri=http://localhost:5173/api/auth/callback&response_type=code&state=register

Rewriting path: /api/auth/password/register -> /password/register

<-- GET /password/register?client_id=naijasender-webapp&redirect_uri=http://localhost:5173/api/auth/callback&response_type=code&state=register

--> GET /password/register?client_id=naijasender-webapp&redirect_uri=http://localhost:5173/api/auth/callback&response_type=code&state=register [32m200[0m 35ms

error running 

Error: Failed to load url /app/routes/auth.login.tsx (resolved id: /app/routes/auth.login.tsx) in 

Error: Failed to load url /app/routes/auth.login.tsx (resolved id: /app/routes/auth.login.tsx) in 

Error: Failed to load url /app/routes/auth.login.tsx (resolved id: /app/routes/auth.login.tsx) in 

Error: Failed to load url /app/routes/auth.login.tsx (resolved id: /app/routes/auth.login.tsx) in 

Error: Failed to load url /app/routes/auth.login.tsx (resolved id: /app/routes/auth.login.tsx) in 

Error: Failed to load url /app/routes/auth.login.tsx (resolved id: /app/routes/auth.login.tsx) in 

8:38:13 AM [vite] vite.config.ts changed, restarting server...
8:38:17 AM [vite] (ssr) Re-optimizing dependencies because vite config has changed
8:38:27 AM [vite] (client) Re-optimizing dependencies because vite config has changed
8:38:30 AM [vite] server restarted.
error running /mnt/c/users/user/desktop/code/desktop apps/02_personal proj/Naijasender/react-router-hono-fullstack-template/workers/app.ts

Error: There is a new version of the pre-bundle for "/mnt/c/users/user/desktop/code/desktop apps/02_personal proj/Naijasender/react-router-hono-fullstack-template/node_modules/.vite/deps_ssr/@cloudflare_unenv-preset_polyfill_performance.js?v=167e10ce", a page reload is going to ask for it.
    at throwOutdatedRequest (file:///mnt/c/users/user/desktop/code/desktop%20apps/02_personal%20proj/Naijasender/react-router-hono-fullstack-template/node_modules/vite/dist/node/chunks/dep-DBxKXgDP.js:16436:15)
    at LoadPluginContext.load (file:///mnt/c/users/user/desktop/code/desktop%20apps/02_personal%20proj/Naijasender/react-router-hono-fullstack-template/node_modules/vite/dist/node/chunks/dep-DBxKXgDP.js:16420:13)
    at EnvironmentPluginContainer.load (file:///mnt/c/users/user/desktop/code/desktop%20apps/02_personal%20proj/Naijasender/react-router-hono-fullstack-template/node_modules/vite/dist/node/chunks/dep-DBxKXgDP.js:42264:22)
    at loadAndTransform (file:///mnt/c/users/user/desktop/code/desktop%20apps/02_personal%20proj/Naijasender/react-router-hono-fullstack-template/node_modules/vite/dist/node/chunks/dep-DBxKXgDP.js:35669:22)
    at fetchModule (file:///mnt/c/users/user/desktop/code/desktop%20apps/02_personal%20proj/Naijasender/react-router-hono-fullstack-template/node_modules/vite/dist/node/chunks/dep-DBxKXgDP.js:46829:16)
    at Object.handleInvoke (file:///mnt/c/users/user/desktop/code/desktop%20apps/02_personal%20proj/Naijasender/react-router-hono-fullstack-template/node_modules/vite/dist/node/chunks/dep-DBxKXgDP.js:38973:22)
    at __VITE_INVOKE_MODULE__ (file:///mnt/c/users/user/desktop/code/desktop%20apps/02_personal%20proj/Naijasender/react-router-hono-fullstack-template/node_modules/@cloudflare/vite-plugin/dist/index.js:13895:32)
    at _Miniflare.#handleLoopbackCustomFetchService (/mnt/c/users/user/desktop/code/desktop apps/02_personal proj/Naijasender/react-router-hono-fullstack-template/node_modules/miniflare/src/index.ts:1082:46)
    at Server.#handleLoopback (/mnt/c/users/user/desktop/code/desktop apps/02_personal proj/Naijasender/react-router-hono-fullstack-template/node_modules/miniflare/src/index.ts:1252:16)

8:38:48 AM [vite] Internal server error: There is a new version of the pre-bundle for "/mnt/c/users/user/desktop/code/desktop apps/02_personal proj/Naijasender/react-router-hono-fullstack-template/node_modules/.vite/deps_ssr/@cloudflare_unenv-preset_polyfill_performance.js?v=167e10ce", a page reload is going to ask for it.
      at async ProxyServer.fetch (file:///mnt/c/users/user/desktop/code/desktop%20apps/02_personal%20proj/Naijasender/react-router-hono-fullstack-template/node_modules/miniflare/src/workers/core/proxy.worker.ts:173:11)
8:38:48 AM [vite] Internal server error: There is a new version of the pre-bundle for "/mnt/c/users/user/desktop/code/desktop apps/02_personal proj/Naijasender/react-router-hono-fullstack-template/node_modules/.vite/deps_ssr/@cloudflare_unenv-preset_polyfill_performance.js?v=167e10ce", a page reload is going to ask for it.
      at async ProxyServer.fetch (file:///mnt/c/users/user/desktop/code/desktop%20apps/02_personal%20proj/Naijasender/react-router-hono-fullstack-template/node_modules/miniflare/src/workers/core/proxy.worker.ts:173:11)
8:38:48 AM [vite] Internal server error: There is a new version of the pre-bundle for "/mnt/c/users/user/desktop/code/desktop apps/02_personal proj/Naijasender/react-router-hono-fullstack-template/node_modules/.vite/deps_ssr/@cloudflare_unenv-preset_polyfill_performance.js?v=167e10ce", a page reload is going to ask for it.
      at async ProxyServer.fetch (file:///mnt/c/users/user/desktop/code/desktop%20apps/02_personal%20proj/Naijasender/react-router-hono-fullstack-template/node_modules/miniflare/src/workers/core/proxy.worker.ts:173:11)
8:38:49 AM [vite] Internal server error: There is a new version of the pre-bundle for "/mnt/c/users/user/desktop/code/desktop apps/02_personal proj/Naijasender/react-router-hono-fullstack-template/node_modules/.vite/deps_ssr/@cloudflare_unenv-preset_polyfill_performance.js?v=167e10ce", a page reload is going to ask for it.
      at async ProxyServer.fetch (file:///mnt/c/users/user/desktop/code/desktop%20apps/02_personal%20proj/Naijasender/react-router-hono-fullstack-template/node_modules/miniflare/src/workers/core/proxy.worker.ts:173:11)
8:38:58 AM [vite] Internal server error: There is a new version of the pre-bundle for "/mnt/c/users/user/desktop/code/desktop apps/02_personal proj/Naijasender/react-router-hono-fullstack-template/node_modules/.vite/deps_ssr/@cloudflare_unenv-preset_polyfill_performance.js?v=167e10ce", a page reload is going to ask for it.
      at async ProxyServer.fetch (file:///mnt/c/users/user/desktop/code/desktop%20apps/02_personal%20proj/Naijasender/react-router-hono-fullstack-template/node_modules/miniflare/src/workers/core/proxy.worker.ts:173:11)
8:38:58 AM [vite] Internal server error: There is a new version of the pre-bundle for "/mnt/c/users/user/desktop/code/desktop apps/02_personal proj/Naijasender/react-router-hono-fullstack-template/node_modules/.vite/deps_ssr/@cloudflare_unenv-preset_polyfill_performance.js?v=167e10ce", a page reload is going to ask for it.
      at async ProxyServer.fetch (file:///mnt/c/users/user/desktop/code/desktop%20apps/02_personal%20proj/Naijasender/react-router-hono-fullstack-template/node_modules/miniflare/src/workers/core/proxy.worker.ts:173:11)
8:39:08 AM [vite] Internal server error: There is a new version of the pre-bundle for "/mnt/c/users/user/desktop/code/desktop apps/02_personal proj/Naijasender/react-router-hono-fullstack-template/node_modules/.vite/deps_ssr/@cloudflare_unenv-preset_polyfill_performance.js?v=167e10ce", a page reload is going to ask for it.
      at async ProxyServer.fetch (file:///mnt/c/users/user/desktop/code/desktop%20apps/02_personal%20proj/Naijasender/react-router-hono-fullstack-template/node_modules/miniflare/src/workers/core/proxy.worker.ts:173:11)
8:39:08 AM [vite] Internal server error: There is a new version of the pre-bundle for "/mnt/c/users/user/desktop/code/desktop apps/02_personal proj/Naijasender/react-router-hono-fullstack-template/node_modules/.vite/deps_ssr/@cloudflare_unenv-preset_polyfill_performance.js?v=167e10ce", a page reload is going to ask for it.
      at async ProxyServer.fetch (file:///mnt/c/users/user/desktop/code/desktop%20apps/02_personal%20proj/Naijasender/react-router-hono-fullstack-template/node_modules/miniflare/src/workers/core/proxy.worker.ts:173:11)
8:44:16 AM [vite] Internal server error: There is a new version of the pre-bundle for "/mnt/c/users/user/desktop/code/desktop apps/02_personal proj/Naijasender/react-router-hono-fullstack-template/node_modules/.vite/deps_ssr/@cloudflare_unenv-preset_polyfill_performance.js?v=167e10ce", a page reload is going to ask for it.
      at async ProxyServer.fetch (file:///mnt/c/users/user/desktop/code/desktop%20apps/02_personal%20proj/Naijasender/react-router-hono-fullstack-template/node_modules/miniflare/src/workers/core/proxy.worker.ts:173:11)
node:internal/webstreams/readablestream:1077
      throw new ERR_INVALID_STATE.TypeError('Controller is already closed');
      ^

TypeError: Invalid state: Controller is already closed
    at ReadableStreamDefaultController.enqueue (node:internal/webstreams/readablestream:1077:13)
    at IncomingMessage.<anonymous> (file:///mnt/c/users/user/desktop/code/desktop%20apps/02_personal%20proj/Naijasender/react-router-hono-fullstack-template/node_modules/@mjackson/node-fetch-server/dist/node-fetch-server.js:88:23)
    at IncomingMessage.emit (node:events:518:28)
    at IncomingMessage.emit (node:domain:489:12)
    at addChunk (node:internal/streams/readable:561:12)
    at readableAddChunkPushByteMode (node:internal/streams/readable:512:3)
    at IncomingMessage.Readable.push (node:internal/streams/readable:392:5)
    at HTTPParser.parserOnBody (node:_http_common:129:24) {
  code: 'ERR_INVALID_STATE'
}

Node.js v22.17.0
